# Dynamic Analysis Report
Date: 2025-12-15

== TEST EXECUTION ==
[-] test_puzzle_piece_close_enough ... FAIL
 Traceback (most recent call last):
   File "D:\semester5\quality\ai-agent-project\agent\dynamic_tester.py", line 1489, in run_py_bug_tests
     spec.loader.exec_module(mod)
     ~~~~~~~~~~~~~~~~~~~~~~~^^^^^
   File "<frozen importlib._bootstrap_external>", line 1022, in exec_module
   File "<frozen importlib._bootstrap_external>", line 1159, in get_code
   File "<frozen importlib._bootstrap_external>", line 1217, in get_data
 FileNotFoundError: [Errno 2] No such file or directory: 'D:\\semester5\\quality\\ai-agent-project\\puzzle-challenge\\puzzle_piece.py'
[-] test_labels_render_text ... FAIL
 Traceback (most recent call last):
   File "D:\semester5\quality\ai-agent-project\agent\dynamic_tester.py", line 1489, in run_py_bug_tests
     spec.loader.exec_module(mod)
     ~~~~~~~~~~~~~~~~~~~~~~~^^^^^
   File "<frozen importlib._bootstrap_external>", line 1022, in exec_module
   File "<frozen importlib._bootstrap_external>", line 1159, in get_code
   File "<frozen importlib._bootstrap_external>", line 1217, in get_data
 FileNotFoundError: [Errno 2] No such file or directory: 'D:\\semester5\\quality\\ai-agent-project\\puzzle-challenge\\labels.py'
[-] test_puzzle_get_event ... FAIL
 Traceback (most recent call last):
   File "D:\semester5\quality\ai-agent-project\agent\dynamic_tester.py", line 1489, in run_py_bug_tests
     spec.loader.exec_module(mod)
     ~~~~~~~~~~~~~~~~~~~~~~~^^^^^
   File "<frozen importlib._bootstrap_external>", line 1022, in exec_module
   File "<frozen importlib._bootstrap_external>", line 1159, in get_code
   File "<frozen importlib._bootstrap_external>", line 1217, in get_data
 FileNotFoundError: [Errno 2] No such file or directory: 'D:\\semester5\\quality\\ai-agent-project\\puzzle-challenge\\puzzle.py'
[+] Resource Management ... PASS
 Read success: Test
[+] Concurrency ... PASS
 Task 0 done
 Task 1 done
 Task 2 done
[+] Boundary Test  ... PASS
 Value  handled
[+] Boundary Test aaaaaaaaaaaaaaaaaaaaaaaaaaaaaaaaaaaaaaaaaaaaaaaaaaaaaaaaaaaaaaaaaaaaaaaaaaaaaaaaaaaaaaaaaaaaaaaaaaaaaaaaaaaaaaaaaaaaaaaaaaaaaaaaaaaaaaaaaaaaaaaaaaaaaaaaaaaaaaaaaaaaaaaaaaaaaaaaaaaaaaaaaaaaaaaaaaaaaaaaaaaaaaaaaaaaaaaaaaaaaaaaaaaaaaaaaaaaaaaaaaaaaaaaaaaaaaaaaaaaaaaaaaaaaaaaaaaaaaaaaaaaaaaaaaaaaaaaaaaaaaaaaaaaaaaaaaaaaaaaaaaaaaaaaaaaaaaaaaaaaaaaaaaaaaaaaaaaaaaaaaaaaaaaaaaaaaaaaaaaaaaaaaaaaaaaaaaaaaaaaaaaaaaaaaaaaaaaaaaaaaaaaaaaaaaaaaaaaaaaaaaaaaaaaaaaaaaaaaaaaaaaaaaaaaaaaaaaaaaaaaaaaaaaaaaaaaaaaaaa ... PASS
 Value aaaaaaaaaaaaaaaaaaaaaaaaaaaaaaaaaaaaaaaaaaaaaaaaaaaaaaaaaaaaaaaaaaaaaaaaaaaaaaaaaaaaaaaaaaaaaaaaaaaaaaaaaaaaaaaaaaaaaaaaaaaaaaaaaaaaaaaaaaaaaaaaaaaaaaaaaaaaaaaaaaaaaaaaaaaaaaaaaaaaaaaaaaaaaaaaaaaaaaaaaaaaaaaaaaaaaaaaaaaaaaaaaaaaaaaaaaaaaaaaaaaaaaaaaaaaaaaaaaaaaaaaaaaaaaaaaaaaaaaaaaaaaaaaaaaaaaaaaaaaaaaaaaaaaaaaaaaaaaaaaaaaaaaaaaaaaaaaaaaaaaaaaaaaaaaaaaaaaaaaaaaaaaaaaaaaaaaaaaaaaaaaaaaaaaaaaaaaaaaaaaaaaaaaaaaaaaaaaaaaaaaaaaaaaaaaaaaaaaaaaaaaaaaaaaaaaaaaaaaaaaaaaaaaaaaaaaaaaaaaaaaaaaaaaaaaaaaaaaaa handled
[+] Boundary Test -1 ... PASS
 Value -1 handled
[+] Boundary Test 0 ... PASS
 Value 0 handled
[+] Boundary Test 10000000000.0 ... PASS
 Value 10000000000.0 handled
[+] Boundary Test ('int', 'a') ... PASS
 Caught expected exception: invalid literal for int() with base 10: 'a'
[+] Boundary Test ('float', 'b') ... PASS
 Caught expected exception: could not convert string to float: 'b'
[+] Env Test ... PASS
 TEST_MODE set to 1
[+] Dynamic Code Test ... PASS
 JSON loaded: {'__import__': 'os'}
[!] TC-1.1: Rectangle Drawing ... SKIPPED
 No executable commands (all lines are comments or empty).
[!] TC-1.2: Circle Drawing ... SKIPPED
 No executable commands (all lines are comments or empty).
[!] TC-1.3: Diamond Drawing ... SKIPPED
 No executable commands (all lines are comments or empty).
[!] TC-1.4: Arrow Drawing ... SKIPPED
 No executable commands (all lines are comments or empty).
[!] TC-2.1: Element Connection ... SKIPPED
 No executable commands (all lines are comments or empty).
[!] TC-2.2: Auto Alignment ... SKIPPED
 No executable commands (all lines are comments or empty).
[!] TC-2.3: Smart Routing ... SKIPPED
 No executable commands (all lines are comments or empty).
[!] TC-3.1: Element Selection ... SKIPPED
 No executable commands (all lines are comments or empty).
[!] TC-3.2: Element Movement ... SKIPPED
 No executable commands (all lines are comments or empty).
[!] TC-3.3: Element Deletion ... SKIPPED
 No executable commands (all lines are comments or empty).
[!] TC-3.4: Copy/Paste ... SKIPPED
 No executable commands (all lines are comments or empty).
[!] TC-3.5: Undo/Redo ... SKIPPED
 No executable commands (all lines are comments or empty).
[!] TC-4.1: Color Settings ... SKIPPED
 No executable commands (all lines are comments or empty).
[!] TC-4.2: Size Adjustment ... SKIPPED
 No executable commands (all lines are comments or empty).
[!] TC-4.3: Label Editing ... SKIPPED
 No executable commands (all lines are comments or empty).
[!] TC-4.4: Shape Type Conversion ... SKIPPED
 No executable commands (all lines are comments or empty).
[!] TC-5.1: Load Template ... SKIPPED
 No executable commands (all lines are comments or empty).
[!] TC-5.2: Save as Template ... SKIPPED
 No executable commands (all lines are comments or empty).
[!] TC-6.1: Export PNG ... SKIPPED
 No executable commands (all lines are comments or empty).
[!] TC-6.2: Export PDF ... SKIPPED
 No executable commands (all lines are comments or empty).
[!] TC-6.3: Export SVG ... SKIPPED
 No executable commands (all lines are comments or empty).
[!] TC-7.1: Import Visio ... SKIPPED
 No executable commands (all lines are comments or empty).
[-] GUI smoke (AHK) ... FAIL
 $ powershell -NoProfile -ExecutionPolicy Bypass -File agent\workspaces\manual_run\run_ahk.ps1
 Windows PowerShell
 Copyright (C) Microsoft Corporation. All rights reserved.
 
 Install the latest PowerShell for new features and improvements! https://aka.ms/PSWindows
 
 The argument 'agent\workspaces\manual_run\run_ahk.ps1' to the -File parameter does not exist. Provide the path to an existing '.ps1' file as an argument to the -File parameter.